2022-03-13 17:48:58,941 WARN  [SoapUI] Missing folder [C:\Users\Administrator\Desktop\E-commerce\my-app\ext] for external libraries
2022-03-13 17:48:59,211 INFO  [DefaultSoapUICore] initialized soapui-settings from [C:\Users\Administrator\soapui-settings.xml]
2022-03-13 17:49:00,412 WARN  [SoapUI] Plugin 'ready-uxm-plugin-os-1.0.3.jar' is not loaded because it hasn't been signed by SmartBear Software.
2022-03-13 17:49:00,631 INFO  [PluginManager] Adding plugin from [C:\Users\Administrator\.soapuios\plugins\readyapi-postman-1.0.1.jar]
2022-03-13 17:49:01,474 ERROR [SoapUI] An error occurred [com.eviware.soapui.plugins.auto.factories.AutoImportMethodFactory], see error log for details
2022-03-13 17:49:01,475 ERROR [errorlog] java.lang.ClassNotFoundException: com.eviware.soapui.plugins.auto.factories.AutoImportMethodFactory
java.lang.ClassNotFoundException: com.eviware.soapui.plugins.auto.factories.AutoImportMethodFactory
	at org.codehaus.plexus.classworlds.strategy.SelfFirstStrategy.loadClass(SelfFirstStrategy.java:50)
	at org.codehaus.plexus.classworlds.realm.ClassRealm.unsynchronizedLoadClass(ClassRealm.java:271)
	at org.codehaus.plexus.classworlds.realm.ClassRealm.loadClass(ClassRealm.java:247)
	at org.codehaus.plexus.classworlds.realm.ClassRealm.loadClass(ClassRealm.java:239)
	at java.lang.Class.forName0(Native Method)
	at java.lang.Class.forName(Class.java:264)
	at com.eviware.soapui.plugins.LoaderBase.loadAutoFactories(LoaderBase.java:113)
	at com.eviware.soapui.plugins.LoaderBase.loadFactories(LoaderBase.java:80)
	at com.eviware.soapui.plugins.PluginLoader.loadPluginFactories(PluginLoader.java:141)
	at com.eviware.soapui.plugins.PluginLoader.loadPlugin(PluginLoader.java:104)
	at com.eviware.soapui.plugins.PluginLoader.loadPlugin(PluginLoader.java:54)
	at com.eviware.soapui.plugins.PluginManager.doInstallPlugin(PluginManager.java:141)
	at com.eviware.soapui.plugins.PluginManager.access$600(PluginManager.java:43)
	at com.eviware.soapui.plugins.PluginManager$LoadPluginsTask.computeSequentially(PluginManager.java:420)
	at com.eviware.soapui.plugins.PluginManager$LoadPluginsTask.compute(PluginManager.java:377)
	at com.eviware.soapui.plugins.PluginManager$LoadPluginsTask.compute(PluginManager.java:365)
	at java.util.concurrent.RecursiveTask.exec(RecursiveTask.java:94)
	at java.util.concurrent.ForkJoinTask.doExec(ForkJoinTask.java:289)
	at java.util.concurrent.ForkJoinPool$WorkQueue.runTask(ForkJoinPool.java:1056)
	at java.util.concurrent.ForkJoinPool.runWorker(ForkJoinPool.java:1692)
	at java.util.concurrent.ForkJoinWorkerThread.run(ForkJoinWorkerThread.java:157)
2022-03-13 17:49:01,510 ERROR [SoapUI] An error occurred [com.eviware.soapui.plugins.auto.factories.AutoDiscoveryMethodFactory], see error log for details
2022-03-13 17:49:01,514 ERROR [errorlog] java.lang.ClassNotFoundException: com.eviware.soapui.plugins.auto.factories.AutoDiscoveryMethodFactory
java.lang.ClassNotFoundException: com.eviware.soapui.plugins.auto.factories.AutoDiscoveryMethodFactory
	at org.codehaus.plexus.classworlds.strategy.SelfFirstStrategy.loadClass(SelfFirstStrategy.java:50)
	at org.codehaus.plexus.classworlds.realm.ClassRealm.unsynchronizedLoadClass(ClassRealm.java:271)
	at org.codehaus.plexus.classworlds.realm.ClassRealm.loadClass(ClassRealm.java:247)
	at org.codehaus.plexus.classworlds.realm.ClassRealm.loadClass(ClassRealm.java:239)
	at java.lang.Class.forName0(Native Method)
	at java.lang.Class.forName(Class.java:264)
	at com.eviware.soapui.plugins.LoaderBase.loadAutoFactories(LoaderBase.java:113)
	at com.eviware.soapui.plugins.LoaderBase.loadFactories(LoaderBase.java:80)
	at com.eviware.soapui.plugins.PluginLoader.loadPluginFactories(PluginLoader.java:141)
	at com.eviware.soapui.plugins.PluginLoader.loadPlugin(PluginLoader.java:104)
	at com.eviware.soapui.plugins.PluginLoader.loadPlugin(PluginLoader.java:54)
	at com.eviware.soapui.plugins.PluginManager.doInstallPlugin(PluginManager.java:141)
	at com.eviware.soapui.plugins.PluginManager.access$600(PluginManager.java:43)
	at com.eviware.soapui.plugins.PluginManager$LoadPluginsTask.computeSequentially(PluginManager.java:420)
	at com.eviware.soapui.plugins.PluginManager$LoadPluginsTask.compute(PluginManager.java:377)
	at com.eviware.soapui.plugins.PluginManager$LoadPluginsTask.compute(PluginManager.java:365)
	at java.util.concurrent.RecursiveTask.exec(RecursiveTask.java:94)
	at java.util.concurrent.ForkJoinTask.doExec(ForkJoinTask.java:289)
	at java.util.concurrent.ForkJoinPool$WorkQueue.runTask(ForkJoinPool.java:1056)
	at java.util.concurrent.ForkJoinPool.runWorker(ForkJoinPool.java:1692)
	at java.util.concurrent.ForkJoinWorkerThread.run(ForkJoinWorkerThread.java:157)
2022-03-13 17:49:01,579 INFO  [PluginManager] Adding plugin from [C:\Users\Administrator\.soapuios\plugins\ready-mqtt-plugin-dist.jar]
2022-03-13 17:49:02,096 ERROR [SoapUI] An error occurred [com.eviware.soapui.plugins.auto.factories.AutoImportMethodFactory], see error log for details
2022-03-13 17:49:02,097 ERROR [errorlog] java.lang.ClassNotFoundException: com.eviware.soapui.plugins.auto.factories.AutoImportMethodFactory
java.lang.ClassNotFoundException: com.eviware.soapui.plugins.auto.factories.AutoImportMethodFactory
	at org.codehaus.plexus.classworlds.strategy.SelfFirstStrategy.loadClass(SelfFirstStrategy.java:50)
	at org.codehaus.plexus.classworlds.realm.ClassRealm.unsynchronizedLoadClass(ClassRealm.java:271)
	at org.codehaus.plexus.classworlds.realm.ClassRealm.loadClass(ClassRealm.java:247)
	at org.codehaus.plexus.classworlds.realm.ClassRealm.loadClass(ClassRealm.java:239)
	at java.lang.Class.forName0(Native Method)
	at java.lang.Class.forName(Class.java:264)
	at com.eviware.soapui.plugins.LoaderBase.loadAutoFactories(LoaderBase.java:113)
	at com.eviware.soapui.plugins.LoaderBase.loadFactories(LoaderBase.java:80)
	at com.eviware.soapui.plugins.PluginLoader.loadPluginFactories(PluginLoader.java:141)
	at com.eviware.soapui.plugins.PluginLoader.loadPlugin(PluginLoader.java:104)
	at com.eviware.soapui.plugins.PluginLoader.loadPlugin(PluginLoader.java:54)
	at com.eviware.soapui.plugins.PluginManager.doInstallPlugin(PluginManager.java:141)
	at com.eviware.soapui.plugins.PluginManager.access$600(PluginManager.java:43)
	at com.eviware.soapui.plugins.PluginManager$LoadPluginsTask.computeSequentially(PluginManager.java:420)
	at com.eviware.soapui.plugins.PluginManager$LoadPluginsTask.compute(PluginManager.java:377)
	at com.eviware.soapui.plugins.PluginManager$LoadPluginsTask.compute(PluginManager.java:365)
	at java.util.concurrent.RecursiveTask.exec(RecursiveTask.java:94)
	at java.util.concurrent.ForkJoinTask.doExec(ForkJoinTask.java:289)
	at java.util.concurrent.ForkJoinPool$WorkQueue.runTask(ForkJoinPool.java:1056)
	at java.util.concurrent.ForkJoinPool.runWorker(ForkJoinPool.java:1692)
	at java.util.concurrent.ForkJoinWorkerThread.run(ForkJoinWorkerThread.java:157)
2022-03-13 17:49:02,122 ERROR [SoapUI] An error occurred [com.eviware.soapui.plugins.auto.factories.AutoDiscoveryMethodFactory], see error log for details
2022-03-13 17:49:02,123 ERROR [errorlog] java.lang.ClassNotFoundException: com.eviware.soapui.plugins.auto.factories.AutoDiscoveryMethodFactory
java.lang.ClassNotFoundException: com.eviware.soapui.plugins.auto.factories.AutoDiscoveryMethodFactory
	at org.codehaus.plexus.classworlds.strategy.SelfFirstStrategy.loadClass(SelfFirstStrategy.java:50)
	at org.codehaus.plexus.classworlds.realm.ClassRealm.unsynchronizedLoadClass(ClassRealm.java:271)
	at org.codehaus.plexus.classworlds.realm.ClassRealm.loadClass(ClassRealm.java:247)
	at org.codehaus.plexus.classworlds.realm.ClassRealm.loadClass(ClassRealm.java:239)
	at java.lang.Class.forName0(Native Method)
	at java.lang.Class.forName(Class.java:264)
	at com.eviware.soapui.plugins.LoaderBase.loadAutoFactories(LoaderBase.java:113)
	at com.eviware.soapui.plugins.LoaderBase.loadFactories(LoaderBase.java:80)
	at com.eviware.soapui.plugins.PluginLoader.loadPluginFactories(PluginLoader.java:141)
	at com.eviware.soapui.plugins.PluginLoader.loadPlugin(PluginLoader.java:104)
	at com.eviware.soapui.plugins.PluginLoader.loadPlugin(PluginLoader.java:54)
	at com.eviware.soapui.plugins.PluginManager.doInstallPlugin(PluginManager.java:141)
	at com.eviware.soapui.plugins.PluginManager.access$600(PluginManager.java:43)
	at com.eviware.soapui.plugins.PluginManager$LoadPluginsTask.computeSequentially(PluginManager.java:420)
	at com.eviware.soapui.plugins.PluginManager$LoadPluginsTask.compute(PluginManager.java:377)
	at com.eviware.soapui.plugins.PluginManager$LoadPluginsTask.compute(PluginManager.java:365)
	at java.util.concurrent.RecursiveTask.exec(RecursiveTask.java:94)
	at java.util.concurrent.ForkJoinTask.doExec(ForkJoinTask.java:289)
	at java.util.concurrent.ForkJoinPool$WorkQueue.runTask(ForkJoinPool.java:1056)
	at java.util.concurrent.ForkJoinPool.runWorker(ForkJoinPool.java:1692)
	at java.util.concurrent.ForkJoinWorkerThread.run(ForkJoinWorkerThread.java:157)
2022-03-13 17:49:02,150 INFO  [PluginManager] 2 plugins loaded in 1521 ms
2022-03-13 17:49:02,150 INFO  [DefaultSoapUICore] All plugins loaded
2022-03-13 17:49:03,405 INFO  [WsdlProject] Loaded project from [file:/C:/Users/Administrator/Desktop/E-commerce/my-app/REST-Project-4-soapui-project.xml]
2022-03-13 17:49:03,421 INFO  [SoapUITestCaseRunner] Running SoapUI tests in project [REST Project 4]
2022-03-13 17:49:03,424 INFO  [SoapUITestCaseRunner] Running Project [REST Project 4], runType = SEQUENTIAL
2022-03-13 17:49:03,446 INFO  [SoapUITestCaseRunner] Running SoapUI testcase [Script based execution]
2022-03-13 17:49:03,472 INFO  [SoapUITestCaseRunner] running step [Properties]
2022-03-13 17:49:03,524 INFO  [SoapUITestCaseRunner] running step [Login]
2022-03-13 17:49:19,361 INFO  [SoapUITestCaseRunner] Assertion [Valid HTTP Status Codes] has status VALID
2022-03-13 17:49:19,361 INFO  [SoapUITestCaseRunner] Assertion [Script Assertion] has status VALID
2022-03-13 17:49:19,363 INFO  [SoapUITestCaseRunner] running step [Get all user]
2022-03-13 17:49:24,292 INFO  [SoapUITestCaseRunner] Assertion [Valid HTTP Status Codes] has status VALID
2022-03-13 17:49:24,292 INFO  [SoapUITestCaseRunner] Assertion [JsonPath Count] has status UNKNOWN
2022-03-13 17:49:24,294 INFO  [SoapUITestCaseRunner] Assertion [JsonPath Existence Match] has status UNKNOWN
2022-03-13 17:49:24,299 INFO  [SoapUITestCaseRunner] Assertion [JsonPath Match] has status UNKNOWN
2022-03-13 17:49:24,300 INFO  [SoapUITestCaseRunner] Assertion [Script Assertion] has status VALID
2022-03-13 17:49:24,302 INFO  [SoapUITestCaseRunner] Finished running SoapUI testcase [Script based execution], time taken: 20118ms, status: FINISHED
2022-03-13 17:49:24,306 INFO  [SoapUITestCaseRunner] Running SoapUI testcase [Product]
2022-03-13 17:49:24,312 INFO  [SoapUITestCaseRunner] running step [Properties]
2022-03-13 17:49:24,316 INFO  [SoapUITestCaseRunner] running step [Create product]
2022-03-13 17:49:25,104 INFO  [SoapUITestCaseRunner] Assertion [Valid HTTP Status Codes] has status VALID
2022-03-13 17:49:25,105 INFO  [SoapUITestCaseRunner] running step [Get all product]
2022-03-13 17:49:36,985 INFO  [log] 622dd0acdbe12300171d8238
2022-03-13 17:49:36,988 INFO  [log] 622dd8a3dbe12300171d823b
2022-03-13 17:49:36,991 INFO  [SoapUITestCaseRunner] Assertion [Valid HTTP Status Codes] has status VALID
2022-03-13 17:49:36,993 INFO  [SoapUITestCaseRunner] Assertion [Script Assertion] has status VALID
2022-03-13 17:49:36,994 INFO  [SoapUITestCaseRunner] Assertion [JsonPath Count] has status UNKNOWN
2022-03-13 17:49:36,994 INFO  [SoapUITestCaseRunner] Assertion [JsonPath Match] has status UNKNOWN
2022-03-13 17:49:36,995 INFO  [SoapUITestCaseRunner] running step [Get product by id]
2022-03-13 17:49:37,820 INFO  [SoapUITestCaseRunner] Assertion [Valid HTTP Status Codes] has status VALID
2022-03-13 17:49:37,822 INFO  [SoapUITestCaseRunner] Finished running SoapUI testcase [Product], time taken: 13233ms, status: FINISHED
2022-03-13 17:49:37,831 INFO  [SoapUITestCaseRunner] Running SoapUI testcase [Order]
2022-03-13 17:49:37,838 INFO  [SoapUITestCaseRunner] running step [Properties]
2022-03-13 17:49:37,839 INFO  [SoapUITestCaseRunner] running step [Get all order]
2022-03-13 17:49:42,764 INFO  [SoapUITestCaseRunner] Assertion [Valid HTTP Status Codes] has status VALID
2022-03-13 17:49:42,767 INFO  [SoapUITestCaseRunner] running step [Create order]
2022-03-13 17:49:43,960 INFO  [SoapUITestCaseRunner] Assertion [Valid HTTP Status Codes] has status VALID
2022-03-13 17:49:43,961 INFO  [SoapUITestCaseRunner] running step [Get order by id]
2022-03-13 17:49:45,189 INFO  [SoapUITestCaseRunner] Assertion [Valid HTTP Status Codes] has status VALID
2022-03-13 17:49:45,191 INFO  [SoapUITestCaseRunner] running step [Groovy Script]
2022-03-13 17:49:45,241 INFO  [log] 622de15fdbe12300171d8241
2022-03-13 17:49:45,243 INFO  [SoapUITestCaseRunner] running step [Update order id]
2022-03-13 17:49:46,009 INFO  [SoapUITestCaseRunner] Assertion [Valid HTTP Status Codes] has status VALID
2022-03-13 17:49:46,018 INFO  [SoapUITestCaseRunner] Finished running SoapUI testcase [Order], time taken: 8004ms, status: FINISHED
2022-03-13 17:49:46,023 INFO  [SoapUITestCaseRunner] Project [REST Project 4] finished with status [FINISHED] in 42592ms
2022-03-13 17:49:48,454 WARN  [Tools] Could not delete temporary directory C:\Users\ADMINI~1\AppData\Local\Temp\9d1e1ff9-d44e-46c3-93db-083ba24ca17e
